{"meta": {"version": "6.0", "timestamp": "2021-10-06T01:57:01.296390", "branch_coverage": false, "show_contexts": false}, "files": {"Packs/HealthCheck/Scripts/HealthCheckAnalyzeLargeInvestigations/HealthCheckAnalyzeLargeInvestigations.py": {"executed_lines": [1, 2, 4, 6, 11, 15, 21, 22, 23, 24, 25, 27, 29, 32, 33, 34, 35, 36, 42, 43, 44, 45, 46, 47, 48, 49, 50, 52, 54, 55, 56, 58, 65, 67, 68, 69, 76, 77, 84, 85, 92, 96, 99], "summary": {"covered_lines": 42, "num_statements": 42, "percent_covered": 100.0, "percent_covered_display": "100", "missing_lines": 0, "excluded_lines": 2}, "missing_lines": [], "excluded_lines": [99, 100]}, "Packs/Vertica/Integrations/Vertica/Vertica.py": {"executed_lines": [1, 2, 3, 7, 10, 11, 12, 14, 16, 17, 18, 19, 22, 23, 25, 30, 34, 39, 48, 49, 50, 51, 52, 53, 55, 63, 64, 66, 67, 73, 84, 126, 142, 166], "summary": {"covered_lines": 34, "num_statements": 91, "percent_covered": 37.362637362637365, "percent_covered_display": "37", "missing_lines": 57, "excluded_lines": 0}, "missing_lines": [20, 21, 26, 27, 43, 44, 45, 65, 77, 78, 79, 80, 81, 89, 90, 91, 92, 94, 95, 97, 100, 101, 102, 104, 105, 107, 108, 113, 114, 116, 127, 128, 129, 130, 131, 133, 134, 136, 143, 144, 145, 146, 147, 148, 149, 150, 151, 153, 154, 155, 156, 158, 159, 160, 161, 162, 167], "excluded_lines": []}, "Packs/VirusTotal-Private_API/Integrations/VirusTotal-Private_API/VirusTotal-Private_API.py": {"executed_lines": [1, 2, 3, 6, 7, 8, 9, 12, 15, 16, 19, 20, 22, 23, 24, 26, 28, 36, 37, 38, 63, 64, 67, 68, 70, 72, 74, 75, 81, 83, 84, 96, 101, 102, 103, 104, 105, 112, 115, 117, 118, 120, 121, 124, 224, 232, 245, 250, 251, 252, 253, 256, 257, 259, 261, 262, 284, 286, 287, 291, 292, 293, 295, 296, 300, 301, 306, 307, 311, 312, 317, 321, 326, 330, 332, 333, 340, 344, 348, 352, 353, 357, 362, 366, 378, 380, 383, 385, 397, 410, 516, 521, 526, 527, 530, 541, 542, 543, 544, 545, 546, 548, 550, 551, 552, 554, 574, 579, 585, 586, 589, 593, 594, 595, 596, 597, 598, 599, 600, 601, 604, 606, 607, 609, 610, 611, 622, 624, 634, 637, 641, 643, 644, 646, 647, 649, 650, 651, 662, 665, 666, 669, 670, 671, 672, 676, 684, 691, 692, 693, 695, 696, 697, 698, 699, 700, 701, 702, 704, 705, 706, 715, 718, 724, 725, 727, 728, 729, 730, 734, 735, 736, 737, 739, 740, 741, 743, 745, 746, 747, 748, 749, 751, 754, 756, 758, 765, 768, 781, 788, 966, 979, 1023, 1025, 1026, 1027, 1028, 1031, 1032, 1034, 1036, 1051, 1053, 1054, 1058, 1059, 1060, 1062, 1063, 1067, 1068, 1073, 1074, 1078, 1079, 1084, 1088, 1093, 1097, 1098, 1102, 1107, 1111, 1120, 1122, 1125, 1127, 1139, 1150, 1174, 1208], "summary": {"covered_lines": 231, "num_statements": 586, "percent_covered": 39.419795221843, "percent_covered_display": "39", "missing_lines": 355, "excluded_lines": 0}, "missing_lines": [39, 40, 41, 42, 44, 46, 47, 49, 50, 52, 53, 54, 56, 57, 58, 60, 86, 87, 89, 90, 91, 92, 93, 113, 125, 126, 128, 129, 131, 132, 133, 134, 135, 136, 137, 139, 140, 152, 153, 154, 155, 156, 157, 158, 159, 160, 162, 163, 164, 167, 169, 170, 171, 173, 174, 175, 176, 177, 178, 179, 180, 184, 193, 194, 195, 196, 197, 198, 199, 200, 201, 202, 203, 204, 205, 206, 208, 209, 210, 213, 221, 226, 237, 241, 242, 254, 264, 265, 269, 270, 288, 289, 297, 298, 302, 303, 304, 308, 309, 313, 314, 315, 318, 319, 322, 323, 327, 328, 334, 335, 336, 337, 338, 341, 342, 345, 346, 349, 350, 354, 358, 381, 402, 406, 407, 416, 417, 418, 419, 420, 421, 423, 424, 427, 428, 429, 430, 431, 449, 450, 451, 452, 453, 454, 455, 457, 458, 460, 461, 462, 463, 464, 465, 466, 467, 468, 470, 471, 472, 473, 474, 475, 476, 478, 479, 480, 481, 483, 484, 485, 486, 488, 489, 490, 492, 501, 563, 564, 567, 569, 571, 602, 625, 626, 652, 654, 655, 656, 657, 658, 659, 660, 678, 707, 714, 716, 731, 732, 759, 760, 762, 773, 777, 778, 782, 783, 784, 785, 793, 794, 795, 796, 797, 798, 800, 802, 804, 805, 806, 807, 825, 826, 827, 828, 829, 830, 832, 834, 835, 836, 838, 840, 841, 842, 846, 848, 849, 850, 855, 857, 858, 859, 864, 866, 867, 868, 871, 873, 874, 875, 878, 880, 881, 882, 885, 887, 888, 889, 892, 893, 894, 896, 897, 910, 911, 912, 914, 916, 917, 918, 928, 942, 943, 954, 956, 971, 975, 976, 984, 985, 987, 988, 989, 991, 992, 994, 995, 997, 998, 1000, 1001, 1003, 1004, 1006, 1011, 1029, 1037, 1055, 1056, 1064, 1065, 1069, 1070, 1071, 1075, 1076, 1080, 1081, 1082, 1085, 1086, 1089, 1090, 1094, 1095, 1099, 1103, 1123, 1140, 1145, 1147, 1151, 1152, 1154, 1156, 1157, 1159, 1160, 1162, 1175, 1176, 1177, 1178, 1181, 1184, 1186, 1187, 1188, 1189, 1190, 1191, 1192, 1193, 1194, 1195, 1196, 1197, 1198, 1199, 1200, 1201, 1202, 1204, 1205, 1209], "excluded_lines": []}, "Packs/VirusTotal/Integrations/VirusTotalV3/VirusTotalV3.py": {"executed_lines": [1, 6, 7, 9, 11, 13, 14, 15, 17, 27, 87, 88, 92, 93, 95, 107, 117, 127, 137, 150, 161, 173, 185, 196, 207, 217, 233, 240, 247, 254, 264, 274, 301, 311, 324, 335, 346, 357, 368, 385, 394, 406, 418, 430, 439, 451, 463, 475, 484, 496, 508, 522, 523, 526, 529, 530, 533, 534, 537, 538, 541, 542, 543, 544, 545, 547, 548, 549, 554, 555, 560, 565, 570, 575, 580, 581, 582, 587, 592, 597, 599, 604, 616, 617, 620, 621, 622, 625, 626, 628, 637, 638, 641, 642, 645, 646, 647, 649, 650, 651, 652, 654, 667, 668, 669, 672, 674, 678, 679, 680, 683, 684, 685, 688, 690, 694, 697, 712, 719, 721, 732, 733, 736, 739, 740, 745, 747, 751, 753, 764, 765, 769, 770, 771, 772, 773, 775, 782, 784, 786, 788, 812, 827, 828, 829, 830, 831, 834, 837, 838, 841, 842, 848, 853, 858, 861, 863, 882, 895, 909, 944, 983, 1005, 1027, 1053, 1063, 1064, 1066, 1067, 1068, 1071, 1072, 1073, 1074, 1075, 1076, 1078, 1085, 1088, 1092, 1093, 1094, 1097, 1106, 1107, 1108, 1109, 1112, 1142, 1215, 1285, 1340, 1420, 1433, 1434, 1437, 1438, 1439, 1440, 1441, 1450, 1453, 1470, 1486, 1487, 1490, 1506, 1507, 1510, 1523, 1531, 1552, 1571, 1592, 1615, 1640, 1648, 1658, 1661, 1672, 1673, 1674, 1678, 1681, 1728, 1749, 1775, 1851, 1899, 1929, 1964, 1996, 2020, 2050, 2058, 2065, 2116], "summary": {"covered_lines": 234, "num_statements": 664, "percent_covered": 35.24096385542169, "percent_covered_display": "35", "missing_lines": 430, "excluded_lines": 0}, "missing_lines": [96, 97, 98, 112, 122, 132, 142, 155, 167, 179, 190, 201, 212, 227, 238, 245, 252, 259, 269, 280, 281, 282, 289, 295, 299, 306, 316, 329, 340, 351, 362, 380, 392, 401, 413, 425, 437, 446, 458, 470, 482, 491, 503, 515, 602, 698, 701, 702, 703, 706, 708, 716, 783, 785, 800, 801, 802, 803, 804, 805, 806, 807, 808, 809, 810, 835, 839, 843, 847, 849, 852, 854, 857, 878, 893, 906, 922, 923, 924, 925, 926, 927, 929, 930, 933, 934, 935, 938, 939, 942, 964, 965, 966, 967, 970, 971, 972, 973, 974, 975, 976, 977, 978, 979, 980, 981, 995, 1017, 1039, 1069, 1077, 1083, 1127, 1131, 1132, 1134, 1135, 1136, 1137, 1138, 1139, 1148, 1149, 1150, 1151, 1152, 1153, 1154, 1155, 1156, 1157, 1160, 1184, 1185, 1187, 1188, 1222, 1223, 1224, 1225, 1226, 1227, 1229, 1230, 1231, 1232, 1233, 1234, 1237, 1252, 1253, 1254, 1287, 1288, 1289, 1290, 1291, 1292, 1293, 1294, 1295, 1296, 1297, 1298, 1301, 1317, 1318, 1319, 1347, 1348, 1349, 1350, 1351, 1352, 1353, 1354, 1355, 1358, 1388, 1389, 1390, 1391, 1392, 1393, 1442, 1443, 1444, 1445, 1446, 1447, 1449, 1462, 1463, 1464, 1465, 1466, 1467, 1536, 1537, 1538, 1539, 1540, 1541, 1542, 1544, 1545, 1546, 1549, 1556, 1557, 1558, 1559, 1560, 1561, 1562, 1563, 1564, 1566, 1568, 1576, 1577, 1578, 1579, 1580, 1581, 1584, 1586, 1587, 1588, 1589, 1597, 1598, 1599, 1600, 1601, 1602, 1604, 1605, 1606, 1609, 1619, 1620, 1621, 1622, 1623, 1624, 1628, 1642, 1643, 1644, 1645, 1685, 1686, 1687, 1688, 1689, 1690, 1691, 1692, 1693, 1694, 1695, 1697, 1700, 1701, 1702, 1703, 1704, 1708, 1717, 1718, 1719, 1720, 1725, 1732, 1733, 1734, 1739, 1753, 1754, 1755, 1756, 1757, 1761, 1782, 1787, 1788, 1789, 1790, 1791, 1793, 1794, 1795, 1796, 1797, 1798, 1799, 1800, 1802, 1803, 1804, 1805, 1806, 1807, 1808, 1809, 1810, 1811, 1813, 1815, 1816, 1820, 1821, 1822, 1823, 1825, 1826, 1828, 1829, 1830, 1838, 1855, 1856, 1857, 1858, 1859, 1860, 1861, 1862, 1863, 1864, 1865, 1866, 1867, 1868, 1869, 1870, 1871, 1872, 1873, 1874, 1876, 1877, 1878, 1879, 1880, 1903, 1904, 1905, 1906, 1907, 1908, 1933, 1934, 1939, 1940, 1941, 1942, 1943, 1968, 1969, 1974, 1975, 1976, 2000, 2001, 2002, 2003, 2004, 2005, 2006, 2024, 2025, 2026, 2027, 2028, 2029, 2054, 2055, 2060, 2061, 2062, 2067, 2068, 2069, 2071, 2072, 2073, 2074, 2076, 2077, 2078, 2079, 2080, 2081, 2082, 2083, 2084, 2085, 2086, 2087, 2088, 2089, 2090, 2091, 2092, 2093, 2094, 2095, 2096, 2097, 2098, 2099, 2100, 2101, 2102, 2103, 2104, 2105, 2106, 2107, 2108, 2109, 2110, 2112, 2113, 2117, 2118, 2119, 2120], "excluded_lines": []}, "Packs/VirusTotal/Integrations/VirusTotal_V3_Premium/VirusTotal_V3_Premium.py": {"executed_lines": [1, 5, 6, 8, 9, 11, 15, 19, 20, 21, 27, 40, 41, 42, 43, 44, 47, 63, 67, 68, 70, 71, 72, 73, 74, 75, 78, 86, 95, 97, 98, 99, 100, 102, 103, 104, 105, 110, 113, 130, 133, 134, 135, 143, 144, 145, 152, 153, 154, 157, 161, 162, 163, 166, 193, 211, 212, 221, 234, 251, 262, 275, 287, 312, 323, 354, 383, 415, 427, 458, 475, 490, 511, 539, 550, 561, 573, 587, 598, 621, 636, 645, 653, 672, 691, 718, 744, 769, 778, 808, 832, 863, 882, 907, 932, 957, 982, 998, 999, 1000, 1001, 1002, 1003, 1017, 1020, 1023, 1044, 1115], "summary": {"covered_lines": 107, "num_statements": 392, "percent_covered": 27.29591836734694, "percent_covered_display": "27", "missing_lines": 285, "excluded_lines": 0}, "missing_lines": [80, 81, 83, 96, 106, 107, 108, 136, 137, 139, 146, 148, 187, 188, 189, 190, 202, 203, 205, 206, 213, 214, 227, 240, 243, 244, 245, 257, 268, 281, 300, 318, 337, 338, 339, 340, 341, 342, 343, 344, 366, 396, 402, 403, 421, 440, 441, 442, 443, 444, 445, 446, 447, 448, 465, 481, 501, 523, 545, 556, 567, 580, 581, 583, 584, 589, 590, 591, 592, 593, 594, 595, 600, 601, 602, 603, 604, 605, 606, 623, 624, 625, 626, 627, 638, 639, 640, 641, 642, 647, 648, 649, 650, 655, 656, 657, 658, 659, 660, 661, 662, 663, 664, 674, 675, 676, 677, 678, 693, 694, 695, 696, 697, 698, 701, 702, 720, 721, 723, 724, 725, 726, 727, 728, 746, 747, 748, 749, 750, 751, 752, 753, 771, 772, 773, 780, 781, 782, 783, 784, 785, 786, 787, 788, 789, 790, 791, 792, 793, 794, 795, 810, 811, 812, 813, 814, 815, 816, 817, 834, 835, 836, 837, 838, 839, 840, 841, 842, 843, 856, 857, 858, 859, 860, 865, 866, 867, 868, 869, 870, 884, 885, 886, 887, 888, 889, 909, 910, 911, 912, 913, 914, 915, 916, 934, 935, 936, 937, 942, 943, 945, 959, 960, 961, 962, 963, 964, 984, 985, 986, 987, 1004, 1005, 1006, 1007, 1008, 1009, 1010, 1019, 1024, 1025, 1026, 1027, 1028, 1048, 1049, 1050, 1051, 1052, 1053, 1054, 1055, 1056, 1057, 1058, 1060, 1061, 1062, 1063, 1064, 1065, 1066, 1067, 1068, 1069, 1070, 1071, 1072, 1073, 1074, 1075, 1076, 1077, 1078, 1079, 1080, 1081, 1082, 1083, 1084, 1085, 1086, 1087, 1088, 1089, 1090, 1091, 1092, 1093, 1094, 1095, 1096, 1097, 1098, 1099, 1100, 1101, 1102, 1103, 1105, 1106, 1108, 1109, 1110, 1116], "excluded_lines": []}}, "totals": {"covered_lines": 93699, "num_statements": 178872, "percent_covered": 52.38326848249027, "percent_covered_display": "52", "missing_lines": 85173, "excluded_lines": 370}}
