Name                                                                                                                              Stmts   Miss     Cover
--------------------------------------------------------------------------------------------------------------------------------------------------------
/Users/username/dev/demisto/demisto-sdk/demisto_sdk/commands/coverage_analyze/tests/data/HealthCheckAnalyzeLargeInvestigations_py      38     10    73.68%
--------------------------------------------------------------------------------------------------------------------------------------------------------
TOTAL                                                                                                                                38     10    73.68%
